;;; 
Export: Release 11.2.0.4.0 - Production on Sun Dec 22 20:01:51 2019

Copyright (c) 1982, 2011, Oracle and/or its affiliates.  All rights reserved.
;;; 
Connected to: Oracle Database 11g Enterprise Edition Release 11.2.0.4.0 - 64bit Production
With the Partitioning, OLAP, Data Mining and Real Application Testing options
Starting "SYSTEM"."SYS_EXPORT_SCHEMA_06":  system/******** schemas=NETBANK02,PAY02 DIRECTORY=qianyi dumpfile=netbank_zl.dmp logfile=netbank_zl.log exclude=table:"IN('EJNLDATA','PJNLDATA')" compression=all 
Estimate in progress using BLOCKS method...
Processing object type SCHEMA_EXPORT/TABLE/TABLE_DATA
Total estimation using BLOCKS method: 2.007 GB
Processing object type SCHEMA_EXPORT/USER
Processing object type SCHEMA_EXPORT/SYSTEM_GRANT
Processing object type SCHEMA_EXPORT/ROLE_GRANT
Processing object type SCHEMA_EXPORT/DEFAULT_ROLE
Processing object type SCHEMA_EXPORT/TABLESPACE_QUOTA
Processing object type SCHEMA_EXPORT/PRE_SCHEMA/PROCACT_SCHEMA
Processing object type SCHEMA_EXPORT/SEQUENCE/SEQUENCE
Processing object type SCHEMA_EXPORT/TABLE/TABLE
Processing object type SCHEMA_EXPORT/TABLE/GRANT/OWNER_GRANT/OBJECT_GRANT
Processing object type SCHEMA_EXPORT/TABLE/COMMENT
Processing object type SCHEMA_EXPORT/TABLE/INDEX/INDEX
Processing object type SCHEMA_EXPORT/TABLE/CONSTRAINT/CONSTRAINT
Processing object type SCHEMA_EXPORT/TABLE/INDEX/STATISTICS/INDEX_STATISTICS
Processing object type SCHEMA_EXPORT/TABLE/CONSTRAINT/REF_CONSTRAINT
Processing object type SCHEMA_EXPORT/TABLE/STATISTICS/TABLE_STATISTICS
. . exported "NETBANK02"."EJNL"                          110.8 MB 3458805 rows
. . exported "NETBANK02"."PJNL"                          50.28 MB 1335431 rows
. . exported "NETBANK02"."MJNL"                          28.42 MB  122498 rows
. . exported "NETBANK02"."EJNLACCESS"                    34.96 MB 2606546 rows
. . exported "NETBANK02"."EJNLTRANSFER"                  46.31 MB 1646178 rows
. . exported "NETBANK02"."PJNLTRANSFER"                  24.73 MB 1085039 rows
. . exported "NETBANK02"."PJNLACCESS"                    16.17 MB 1201639 rows
. . exported "NETBANK02"."EBATCHTRANSFER"                8.153 MB  612015 rows
. . exported "NETBANK02"."EBATCHSALARY"                  7.947 MB  635205 rows
. . exported "NETBANK02"."EPAYEESALARYLIST"              5.599 MB  368645 rows
. . exported "NETBANK02"."MAUTHQUEUE"                    4.973 MB   21100 rows
. . exported "NETBANK02"."EACLIMIT"                      3.399 MB  556722 rows
. . exported "NETBANK02"."CCMS_F401"                     4.246 MB  147353 rows
. . exported "NETBANK02"."APSRTGSNODE_BAK20151130"       4.056 MB  143512 rows
. . exported "NETBANK02"."APSRTGSNODE_BAK20170921"       4.101 MB  142520 rows
. . exported "NETBANK02"."APSRTGSNODE_YW_UPDATE_NEWCODES"  4.000 MB  143512 rows
. . exported "NETBANK02"."CCMS_F401_20190530"            4.264 MB  145078 rows
. . exported "NETBANK02"."YW_EJNLDATA_UPDATELOG"         3.541 MB  586728 rows
. . exported "NETBANK02"."PACLIMIT"                      2.190 MB  381651 rows
. . exported "NETBANK02"."APSRTGSNODE"                   3.785 MB  147830 rows
. . exported "NETBANK02"."APSRTGSNODE_20191114"          3.786 MB  147830 rows
. . exported "NETBANK02"."APSRTGSNODE_BAK20190530"       3.750 MB  147107 rows
. . exported "NETBANK02"."EPAYEEINFO"                    5.691 MB  217152 rows
. . exported "NETBANK02"."MPTRANSSTAT"                   1.651 MB  251868 rows
. . exported "NETBANK02"."MPTRANSSTAT_BAK20180720"       1.198 MB  186704 rows
. . exported "NETBANK02"."METRANSSTAT"                   1.326 MB  181116 rows
. . exported "NETBANK02"."PPAYEEINFO"                    2.996 MB  126402 rows
. . exported "NETBANK02"."MJNLACCESS"                    1.147 MB  134080 rows
. . exported "NETBANK02"."EAUTHTARGET"                   663.6 KB  130132 rows
. . exported "NETBANK02"."EAUTHTARGET20190823"           575.7 KB  112405 rows
. . exported "NETBANK02"."PBATCHTRANSFER"                814.7 KB   61157 rows
. . exported "NETBANK02"."PUSERCERT"                     1.098 MB   22497 rows
. . exported "NETBANK02"."EBATCHTRANSFER_20141104"       526.0 KB   41019 rows
. . exported "NETBANK02"."EUSERCERT"                     754.5 KB   13790 rows
. . exported "NETBANK02"."PACARG"                        212.7 KB   62387 rows
. . exported "NETBANK02"."EAUTHTARGETAUTHCFG"            265.6 KB  131664 rows
. . exported "NETBANK02"."EJNL_20130826"                 370.9 KB   19983 rows
. . exported "NETBANK02"."EPAYEEINFO_20150518"           634.3 KB   24434 rows
. . exported "NETBANK02"."EPAYEEINFO_20150828"           737.7 KB   28359 rows
. . exported "NETBANK02"."MOPENANDCLOSEACDETAIL"         790.2 KB   32947 rows
. . exported "NETBANK02"."PACCOUNT"                      573.3 KB   26653 rows
. . exported "NETBANK02"."PPAYEEINFO_20150518"           693.1 KB   29595 rows
. . exported "NETBANK02"."PPAYEEINFO_20150828"           828.0 KB   34885 rows
. . exported "NETBANK02"."PUSER"                         890.0 KB   24173 rows
. . exported "NETBANK02"."EACARG"                        77.19 KB   22495 rows
. . exported "NETBANK02"."ECIF"                          375.4 KB    6087 rows
. . exported "NETBANK02"."ECIF20191211"                  371.8 KB    6042 rows
. . exported "NETBANK02"."EPAYEEINFO_20150104"           518.5 KB   19899 rows
. . exported "NETBANK02"."EUSER"                         654.1 KB   13218 rows
. . exported "NETBANK02"."PBANKCIF"                      285.6 KB   24010 rows
. . exported "NETBANK02"."PCIF"                          446.2 KB   24010 rows
. . exported "NETBANK02"."PCIF20190726"                  438.4 KB   23694 rows
. . exported "NETBANK02"."PJNL_20130826"                 148.5 KB    8184 rows
. . exported "NETBANK02"."PPAYEEINFO_20150104"           519.8 KB   22286 rows
. . exported "NETBANK02"."EJNLACCESS_20130826"           190.5 KB   15601 rows
. . exported "NETBANK02"."EPAYEESALARY"                  200.4 KB    7449 rows
. . exported "NETBANK02"."EPAYEESALARY20191121"          182.2 KB    6808 rows
. . exported "NETBANK02"."BANKNOTICEREADED"               91.5 KB   38625 rows
. . exported "NETBANK02"."EACCOUNT"                      186.1 KB    6325 rows
. . exported "NETBANK02"."EJNLTRANSFER_20130826"         196.3 KB    9034 rows
. . exported "NETBANK02"."PJNLACCESS_20130826"           149.7 KB   11858 rows
. . exported "NETBANK02"."EUSERROLE"                     71.25 KB   24527 rows
. . exported "NETBANK02"."MPUSERCERTSTAT"                58.87 KB   15011 rows
. . exported "NETBANK02"."APSRTGSNODE_TEST"              89.85 KB    3000 rows
. . exported "NETBANK02"."EAUTHQUEUE"                    99.72 KB   16028 rows
. . exported "NETBANK02"."EAUTHDETAIL"                   65.84 KB   17382 rows
. . exported "NETBANK02"."PUSERACCOUNT"                  109.5 KB   25860 rows
. . exported "NETBANK02"."ECIFROLE"                      29.36 KB   18259 rows
. . exported "NETBANK02"."MJNLACCESS_20130826"           62.87 KB    6558 rows
. . exported "NETBANK02"."UNIONPAYCARDBIN"               61.60 KB    4511 rows
. . exported "NETBANK02"."EBANKCIF"                      91.73 KB    6087 rows
. . exported "NETBANK02"."EINCOMINGRECEIPTPRINTLOG"      81.69 KB    9555 rows
. . exported "NETBANK02"."EPAYEEINFO_20130826"           87.69 KB    3190 rows
. . exported "NETBANK02"."MPTRANSSTAT_20130826"          32.67 KB    4581 rows
. . exported "NETBANK02"."PJNLTRANSFER_20130826"         87.52 KB    4869 rows
. . exported "PAY02"."OT_JNL"                            52.83 KB     790 rows
. . exported "NETBANK02"."MEUSERCERTSTAT"                30.75 KB    6284 rows
. . exported "NETBANK02"."RULE"                          51.85 KB    3359 rows
. . exported "NETBANK02"."RULE20190822"                  51.67 KB    3349 rows
. . exported "NETBANK02"."RULE20190910"                  52.01 KB    3358 rows
. . exported "NETBANK02"."RULE20191220"                  51.90 KB    3358 rows
. . exported "NETBANK02"."RULE_20190716"                 51.20 KB    3326 rows
. . exported "NETBANK02"."RULE_BAK_20160308"             45.97 KB    3047 rows
. . exported "NETBANK02"."RULE_BAK_20181213"                51 KB    3317 rows
. . exported "NETBANK02"."EBANKCIF_BAK"                  66.11 KB    4166 rows
. . exported "NETBANK02"."EUSERACCOUNT"                  50.13 KB   13432 rows
. . exported "NETBANK02"."EUSERGROUPUSER"                26.48 KB   13218 rows
. . exported "NETBANK02"."METRANSSTAT_20130826"          22.42 KB    2379 rows
. . exported "NETBANK02"."PUSERCERT_20130826"            52.85 KB    1044 rows
. . exported "NETBANK02"."EACLIMIT_20130826"             18.67 KB    2275 rows
. . exported "NETBANK02"."EUSERCERT_20130826"            29.86 KB     517 rows
. . exported "NETBANK02"."MOPENANDCLOSEACDETAIL_20130826"  41.49 KB    1443 rows
. . exported "NETBANK02"."PACCOUNT_20130826"             31.34 KB    1185 rows
. . exported "NETBANK02"."PACLIMIT_20130826"             19.30 KB    2608 rows
. . exported "NETBANK02"."PPAYEEINFO_20130826"           44.84 KB    1854 rows
. . exported "NETBANK02"."USERNOTE"                      44.56 KB     304 rows
. . exported "NETBANK02"."APSCITY"                       16.64 KB    2142 rows
. . exported "NETBANK02"."APSCITY_20140107"              17.23 KB    2087 rows
. . exported "NETBANK02"."EAUTHTARGET_20130826"          11.01 KB    1235 rows
. . exported "NETBANK02"."ECHECKINGUSER"                 15.86 KB    2565 rows
. . exported "NETBANK02"."ECIF_20130826"                 22.24 KB     252 rows
. . exported "NETBANK02"."EDRAFTCONTACTSINFO"            22.57 KB     523 rows
. . exported "NETBANK02"."EUSER_20130826"                33.85 KB     527 rows
. . exported "NETBANK02"."IBPSBANKDATA"                  12.92 KB     318 rows
. . exported "NETBANK02"."MTELLER"                       37.61 KB     577 rows
. . exported "NETBANK02"."MTELLER20190919"               36.65 KB     560 rows
. . exported "NETBANK02"."PBANKCIF_20130826"             20.25 KB    1161 rows
. . exported "NETBANK02"."PCIF_20130826"                 26.81 KB    1161 rows
. . exported "NETBANK02"."PRODUCTTRS"                    18.26 KB    1887 rows
. . exported "NETBANK02"."PRODUCTTRS20190822"            18.17 KB    1869 rows
. . exported "NETBANK02"."PRODUCTTRS_20190617"           17.67 KB    1806 rows
. . exported "NETBANK02"."PRODUCTTRS_BAK_20181213"       17.54 KB    1785 rows
. . exported "NETBANK02"."PUSERRULE"                     12.75 KB     605 rows
. . exported "NETBANK02"."PUSER_20130826"                47.88 KB    1162 rows
. . exported "NETBANK02"."TEXTANTIFAKE"                  39.85 KB    3926 rows
. . exported "NETBANK02"."APSBANK"                       5.273 KB      30 rows
. . exported "NETBANK02"."APSBANK_20140107"              5.101 KB      26 rows
. . exported "NETBANK02"."APSBUSINESS"                   5.132 KB       5 rows
. . exported "NETBANK02"."APSPROVINCE"                   5.210 KB      31 rows
. . exported "NETBANK02"."APSUNIT"                       5.359 KB       5 rows
. . exported "NETBANK02"."BANK"                          5.453 KB       2 rows
. . exported "NETBANK02"."BANKDEPT"                      6.375 KB      34 rows
. . exported "NETBANK02"."BANKDEPTROLE"                  4.921 KB       9 rows
. . exported "NETBANK02"."BANKDIV"                       5.554 KB      31 rows
. . exported "NETBANK02"."BANKDIVROLE"                   5.164 KB      87 rows
. . exported "NETBANK02"."BANKNOTICE"                    8.953 KB      11 rows
. . exported "NETBANK02"."BANKPGP"                       8.437 KB     411 rows
. . exported "NETBANK02"."BANKPGP20190822"               8.414 KB     407 rows
. . exported "NETBANK02"."BANKPGP_20190716"              8.289 KB     389 rows
. . exported "NETBANK02"."BANKPGP_BAK_20181213"          8.218 KB     383 rows
. . exported "NETBANK02"."BANKROLE"                      5.375 KB      27 rows
. . exported "NETBANK02"."BANKROLE20190919"              5.351 KB      25 rows
. . exported "NETBANK02"."BANKROLEPGP"                   8.640 KB     473 rows
. . exported "NETBANK02"."BANKROLEPGP20190919"           8.460 KB     469 rows
. . exported "NETBANK02"."BANKRULE"                      6.859 KB      41 rows
. . exported "NETBANK02"."CSII_SEC_ATTACTER"             5.789 KB      25 rows
. . exported "NETBANK02"."DEPTRULE"                      5.429 KB       8 rows
. . exported "NETBANK02"."DRAFTAUTHQUEUE"                5.734 KB      47 rows
. . exported "NETBANK02"."EACCOUNT20191206"              6.039 KB       1 rows
. . exported "NETBANK02"."EACCOUNT_20130826"             13.72 KB     261 rows
. . exported "NETBANK02"."EACCOUNT_20190303"             6.046 KB       1 rows
. . exported "NETBANK02"."EACCOUNT_BAK181108"            6.210 KB       3 rows
. . exported "NETBANK02"."EACCTHOTLINE"                  5.984 KB      56 rows
. . exported "NETBANK02"."EACCTHOTLINERESULT"            6.617 KB      31 rows
. . exported "NETBANK02"."EAUTHDETAIL_20130826"          6.429 KB     225 rows
. . exported "NETBANK02"."EAUTHQUEUE_20130826"           5.804 KB     212 rows
. . exported "NETBANK02"."EAUTHTARGETAUTHCFG_20130826"   7.398 KB    1300 rows
. . exported "NETBANK02"."EBANKACTYPEATTR"               5.023 KB      31 rows
. . exported "NETBANK02"."EBANKCIF20191206"              5.882 KB       1 rows
. . exported "NETBANK02"."EBANKCIF_20130826"             10.03 KB     252 rows
. . exported "NETBANK02"."ECIFROLE_20130826"             6.460 KB     862 rows
. . exported "NETBANK02"."EPAYEESALARY_20190425"         12.15 KB     174 rows
. . exported "NETBANK02"."EPAYEESALARY_20190505"         12.17 KB     174 rows
. . exported "NETBANK02"."EUSERACCOUNT_20130826"         6.164 KB     535 rows
. . exported "NETBANK02"."EUSERGROUP"                    4.867 KB       9 rows
. . exported "NETBANK02"."EUSERGROUPUSER_20130826"       5.523 KB     527 rows
. . exported "NETBANK02"."EUSERROLE_20130826"            7.203 KB     896 rows
. . exported "NETBANK02"."EUSERSUBACCOUNT"               5.015 KB      32 rows
. . exported "NETBANK02"."MBATCHDATE"                    4.976 KB      14 rows
. . exported "NETBANK02"."MEUSERCERTSTAT_20130826"       6.687 KB     243 rows
. . exported "NETBANK02"."MINTERBANKALLOWEDACLIST"       4.734 KB       3 rows
. . exported "NETBANK02"."MODULE"                        4.945 KB       4 rows
. . exported "NETBANK02"."MPLOANPROD"                    5.585 KB       1 rows
. . exported "NETBANK02"."MPSAVINGLOANVOUCH"             4.812 KB       2 rows
. . exported "NETBANK02"."MPSAVINGPROD"                  6.476 KB       9 rows
. . exported "NETBANK02"."MPUSERCERTSTAT_20130305"       5.648 KB       8 rows
. . exported "NETBANK02"."MPUSERCERTSTAT_20130826"       8.187 KB     730 rows
. . exported "NETBANK02"."MTELLERROLE"                   6.179 KB     523 rows
. . exported "NETBANK02"."MTELLERROLE20190919"           6.093 KB     507 rows
. . exported "NETBANK02"."MTELLERROLE_20130826"          5.296 KB     132 rows
. . exported "NETBANK02"."MTELLER_20130826"              12.17 KB     132 rows
. . exported "NETBANK02"."PAGENTPAYGROUP"                4.914 KB       2 rows
. . exported "NETBANK02"."PAGENTPAYINFO"                 5.367 KB       4 rows
. . exported "NETBANK02"."PBANKACTYPEATTR"               5.125 KB      62 rows
. . exported "NETBANK02"."PINCOMINGRECEIPTPRINTLOG"      7.976 KB     247 rows
. . exported "NETBANK02"."PPRODUCTRECOMMEND"             5.195 KB       1 rows
. . exported "NETBANK02"."PRODUCT"                       10.73 KB     354 rows
. . exported "NETBANK02"."PRODUCTGROUP"                  6.531 KB      68 rows
. . exported "NETBANK02"."PRODUCTGROUPPRODUCT"           8.132 KB     380 rows
. . exported "NETBANK02"."PRODUCTGROUPPRODUCTBAK20181213"  8.164 KB     364 rows
. . exported "NETBANK02"."PRODUCTGROUPPRODUCT_20190716"  8.242 KB     369 rows
. . exported "NETBANK02"."PRODUCT_20190716"              10.58 KB     343 rows
. . exported "NETBANK02"."PRODUCT_BAK_20181213"          10.48 KB     338 rows
. . exported "NETBANK02"."PUSERACCOUNT_20130826"         7.023 KB    1178 rows
. . exported "NETBANK02"."RULETYPE"                      5.843 KB      38 rows
. . exported "NETBANK02"."TEXTANTIFAKE_20130826"         7.710 KB     280 rows
. . exported "NETBANK02"."USERNOTE_20130826"             9.289 KB      20 rows
. . exported "PAY02"."FT_BATCH_CTRL"                     4.992 KB       1 rows
. . exported "PAY02"."FT_BUSSETTING"                     6.078 KB       1 rows
. . exported "PAY02"."FT_CHANNEL"                          5.5 KB       1 rows
. . exported "PAY02"."FT_CHANNEL_TRANSCTRL"              6.031 KB       9 rows
. . exported "PAY02"."FT_DEPT"                           6.164 KB      33 rows
. . exported "PAY02"."FT_DEPT_ACCT"                      5.203 KB       4 rows
. . exported "PAY02"."FT_DEPT_MERSEQNO"                  4.789 KB       1 rows
. . exported "PAY02"."FT_MERCHANT"                       9.484 KB       2 rows
. . exported "PAY02"."FT_MER_NOTICE"                     5.367 KB       2 rows
. . exported "PAY02"."FT_MER_TYPE"                       5.078 KB      10 rows
. . exported "PAY02"."FT_PAY_TYPE"                       4.804 KB       2 rows
. . exported "PAY02"."FT_PROFITCTRL"                     5.390 KB       2 rows
. . exported "PAY02"."FT_SEQNO"                          4.796 KB       2 rows
. . exported "PAY02"."FT_SIGNCHANNEL"                    5.492 KB       2 rows
. . exported "PAY02"."FT_TRANSACTION"                    5.617 KB      10 rows
. . exported "PAY02"."FT_TRANS_STATUS"                   4.929 KB      13 rows
. . exported "PAY02"."FT_USER_SIGN_INFO"                 6.953 KB      60 rows
. . exported "PAY02"."FT_USER_TRANSCTRL"                 6.859 KB      60 rows
. . exported "NETBANK02"."ACCTMANAGER"                       0 KB       0 rows
. . exported "NETBANK02"."APSLTGSNODE"                       0 KB       0 rows
. . exported "NETBANK02"."BANKCHANNEL"                       0 KB       0 rows
. . exported "NETBANK02"."BANKHOLIDAY"                       0 KB       0 rows
. . exported "NETBANK02"."BANKPRODUCTCONTRACT"               0 KB       0 rows
. . exported "NETBANK02"."BANKRATE"                          0 KB       0 rows
. . exported "NETBANK02"."BANKROUTER"                        0 KB       0 rows
. . exported "NETBANK02"."BANKTASKRULE"                      0 KB       0 rows
. . exported "NETBANK02"."BANKUSBKEY"                        0 KB       0 rows
. . exported "NETBANK02"."BANKUSBKEYTYPE"                    0 KB       0 rows
. . exported "NETBANK02"."CHANNEL"                           0 KB       0 rows
. . exported "NETBANK02"."CHANNELPRODUCTGROUP"               0 KB       0 rows
. . exported "NETBANK02"."CONTRACTLOGINTYPE"                 0 KB       0 rows
. . exported "NETBANK02"."EACTRANSSET"                       0 KB       0 rows
. . exported "NETBANK02"."EAGENTPAYEEINFO"                   0 KB       0 rows
. . exported "NETBANK02"."EAUTHASSIGNUSER"                   0 KB       0 rows
. . exported "NETBANK02"."EBATCHGROUP"                       0 KB       0 rows
. . exported "NETBANK02"."ECHANNEL"                          0 KB       0 rows
. . exported "NETBANK02"."ECIFLIMIT"                         0 KB       0 rows
. . exported "NETBANK02"."ECIFPGP"                           0 KB       0 rows
. . exported "NETBANK02"."ECIFRULE"                          0 KB       0 rows
. . exported "NETBANK02"."EEMPLOYEEINFO"                     0 KB       0 rows
. . exported "NETBANK02"."EGROUPRELATION"                    0 KB       0 rows
. . exported "NETBANK02"."EJNLEXPENSE"                       0 KB       0 rows
. . exported "NETBANK02"."EJNLGROUP"                         0 KB       0 rows
. . exported "NETBANK02"."EJNLQUERY"                         0 KB       0 rows
. . exported "NETBANK02"."EKEPPWATCHACCT"                    0 KB       0 rows
. . exported "NETBANK02"."EPASSWORDPRINT"                    0 KB       0 rows
. . exported "NETBANK02"."EPAYEESALARY_20190426"             0 KB       0 rows
. . exported "NETBANK02"."EQUARTERBALBANKSTATEMENT"          0 KB       0 rows
. . exported "NETBANK02"."EROUTERQUEUE"                      0 KB       0 rows
. . exported "NETBANK02"."ETASKDETAIL"                       0 KB       0 rows
. . exported "NETBANK02"."ETASKRULE"                         0 KB       0 rows
. . exported "NETBANK02"."ETRANSCHECK"                       0 KB       0 rows
. . exported "NETBANK02"."ETRANSCHECKDETAIL"                 0 KB       0 rows
. . exported "NETBANK02"."ETRANSINFOREPT"                    0 KB       0 rows
. . exported "NETBANK02"."ETRSLISTBANKSTM"                   0 KB       0 rows
. . exported "NETBANK02"."EUSERACARG"                        0 KB       0 rows
. . exported "NETBANK02"."EUSERINFOREPT"                     0 KB       0 rows
. . exported "NETBANK02"."EUSEROTP"                          0 KB       0 rows
. . exported "NETBANK02"."EUSERPGP"                          0 KB       0 rows
. . exported "NETBANK02"."EUSERPRODUCTGROUP"                 0 KB       0 rows
. . exported "NETBANK02"."EUSERRULE"                         0 KB       0 rows
. . exported "NETBANK02"."MAUTHASSIGNUSER"                   0 KB       0 rows
. . exported "NETBANK02"."MBATCHTASKCONTROL"                 0 KB       0 rows
. . exported "NETBANK02"."MDONATIONITEM"                     0 KB       0 rows
. . exported "NETBANK02"."MEUSERLOGINSTAT"                   0 KB       0 rows
. . exported "NETBANK02"."MEUSERSTATESTAT"                   0 KB       0 rows
. . exported "NETBANK02"."MLOCK"                             0 KB       0 rows
. . exported "NETBANK02"."MPCRETRANSSTAT"                    0 KB       0 rows
. . exported "NETBANK02"."MPCREUSERSTATESTAT"                0 KB       0 rows
. . exported "NETBANK02"."MPSPECIALPRDIDSTAT"                0 KB       0 rows
. . exported "NETBANK02"."MPSPECIALPRDTRANSSTAT"             0 KB       0 rows
. . exported "NETBANK02"."MPUSERLOGINSTAT"                   0 KB       0 rows
. . exported "NETBANK02"."MPUSERSTATESTAT"                   0 KB       0 rows
. . exported "NETBANK02"."MRULEJNL"                          0 KB       0 rows
. . exported "NETBANK02"."MTELLERPGP"                        0 KB       0 rows
. . exported "NETBANK02"."MUSERCERT"                         0 KB       0 rows
. . exported "NETBANK02"."MUSEROTP"                          0 KB       0 rows
. . exported "NETBANK02"."PAPPLYAVAILLMIT"                   0 KB       0 rows
. . exported "NETBANK02"."PCHANNEL"                          0 KB       0 rows
. . exported "NETBANK02"."PCIFLIMIT"                         0 KB       0 rows
. . exported "NETBANK02"."PCIFRULE"                          0 KB       0 rows
. . exported "NETBANK02"."PJNLQUERY"                         0 KB       0 rows
. . exported "NETBANK02"."PKEPPWATCHACCT"                    0 KB       0 rows
. . exported "NETBANK02"."PPROMISEACCOUNT"                   0 KB       0 rows
. . exported "NETBANK02"."PPUBLICJNLACCESS"                  0 KB       0 rows
. . exported "NETBANK02"."PROUTERQUEUE"                      0 KB       0 rows
. . exported "NETBANK02"."PTASKDETAIL"                       0 KB       0 rows
. . exported "NETBANK02"."PTASKRULE"                         0 KB       0 rows
. . exported "NETBANK02"."PTRANSINFOREPT"                    0 KB       0 rows
. . exported "NETBANK02"."PUSERINFOREPT"                     0 KB       0 rows
. . exported "NETBANK02"."PUSEROTP"                          0 KB       0 rows
. . exported "NETBANK02"."PUSERPGP"                          0 KB       0 rows
. . exported "NETBANK02"."PUSERROLE"                         0 KB       0 rows
. . exported "NETBANK02"."PUSERSECURITY"                     0 KB       0 rows
. . exported "NETBANK02"."RCBCITY"                           0 KB       0 rows
. . exported "NETBANK02"."RCBRTGSNODE"                       0 KB       0 rows
. . exported "NETBANK02"."RJNL"                              0 KB       0 rows
. . exported "NETBANK02"."SYSIMAGE"                          0 KB       0 rows
. . exported "NETBANK02"."UAPROF"                            0 KB       0 rows
. . exported "NETBANK02"."YW_PJNLDATA_UPDATELOG"             0 KB       0 rows
. . exported "PAY02"."BT_CHECK_ERROR"                        0 KB       0 rows
. . exported "PAY02"."BT_CLEAR_TRANS"                        0 KB       0 rows
. . exported "PAY02"."BT_FEE_SETT"                           0 KB       0 rows
. . exported "PAY02"."BT_FEE_TRANS"                          0 KB       0 rows
. . exported "PAY02"."BT_HOST_TRANS"                         0 KB       0 rows
. . exported "PAY02"."BT_MER_SETT"                           0 KB       0 rows
. . exported "PAY02"."BT_MER_TRANS"                          0 KB       0 rows
. . exported "PAY02"."FT_BRANCH"                             0 KB       0 rows
. . exported "PAY02"."FT_DEFPROFITCTRL"                      0 KB       0 rows
. . exported "PAY02"."FT_DEPT_BALANCE"                       0 KB       0 rows
. . exported "PAY02"."FT_DEPT_TRANSCTRL"                     0 KB       0 rows
. . exported "PAY02"."FT_FEECTRL"                            0 KB       0 rows
. . exported "PAY02"."FT_MERACCT_TYPE"                       0 KB       0 rows
. . exported "PAY02"."FT_MERCHANNEL_TRANSCTRL"               0 KB       0 rows
. . exported "PAY02"."FT_MERCHANT_APPLY"                     0 KB       0 rows
. . exported "PAY02"."FT_MERCHANT_TMP"                       0 KB       0 rows
. . exported "PAY02"."FT_MER_CERT"                           0 KB       0 rows
. . exported "PAY02"."FT_MER_SETTING"                        0 KB       0 rows
. . exported "PAY02"."FT_MER_TRANSCTRL"                      0 KB       0 rows
. . exported "PAY02"."FT_PROTOCOL"                           0 KB       0 rows
. . exported "PAY02"."FT_SIGNINFO"                           0 KB       0 rows
. . exported "PAY02"."FT_SIGNINFO_TMP"                       0 KB       0 rows
. . exported "PAY02"."FT_TRANSCTRL"                          0 KB       0 rows
. . exported "PAY02"."FT_USER_PRO_SIGNINFO"                  0 KB       0 rows
. . exported "PAY02"."HT_CHECK_ERROR"                        0 KB       0 rows
. . exported "PAY02"."HT_CLEAR_TRANS"                        0 KB       0 rows
. . exported "PAY02"."HT_FEE_SETT"                           0 KB       0 rows
. . exported "PAY02"."HT_FEE_TRANS"                          0 KB       0 rows
. . exported "PAY02"."HT_HOST_TRANS"                         0 KB       0 rows
. . exported "PAY02"."HT_JNL"                                0 KB       0 rows
. . exported "PAY02"."HT_MER_SETT"                           0 KB       0 rows
. . exported "PAY02"."HT_MER_TRANS"                          0 KB       0 rows
. . exported "PAY02"."HT_TRANS"                              0 KB       0 rows
. . exported "PAY02"."HT_TRANS_ALL"                          0 KB       0 rows
. . exported "PAY02"."MT_JNL"                                0 KB       0 rows
. . exported "PAY02"."MT_ROLE"                               0 KB       0 rows
. . exported "PAY02"."MT_SEQNO"                              0 KB       0 rows
. . exported "PAY02"."MT_TELLER"                             0 KB       0 rows
. . exported "PAY02"."OT_FILE"                               0 KB       0 rows
. . exported "PAY02"."OT_JNL_VERIFY"                         0 KB       0 rows
. . exported "PAY02"."OT_MERNOTIFY_FAILTIME"                 0 KB       0 rows
. . exported "PAY02"."OT_MER_FAILTIME"                       0 KB       0 rows
. . exported "PAY02"."OT_MER_NOTIFY"                         0 KB       0 rows
. . exported "PAY02"."OT_REQFILE_TRANS"                      0 KB       0 rows
. . exported "PAY02"."OT_TIMEOUT"                            0 KB       0 rows
. . exported "PAY02"."OT_TRANS"                              0 KB       0 rows
. . exported "PAY02"."OT_TRANSQUERY"                         0 KB       0 rows
. . exported "PAY02"."RT_CUSTOMER_MSG"                       0 KB       0 rows
. . exported "PAY02"."RT_CUSTO_TRANS"                        0 KB       0 rows
. . exported "PAY02"."RT_DEPT_BYTYPE"                        0 KB       0 rows
. . exported "PAY02"."RT_DEPT_FEE"                           0 KB       0 rows
. . exported "PAY02"."RT_DEPT_TRANS"                         0 KB       0 rows
. . exported "PAY02"."RT_DEVLOP_TRANS"                       0 KB       0 rows
. . exported "PAY02"."RT_MER_BALANCED"                       0 KB       0 rows
. . exported "PAY02"."RT_MER_TRANS"                          0 KB       0 rows
. . exported "PAY02"."RT_OPENDEPT_TRANS"                     0 KB       0 rows
. . exported "PAY02"."RT_UNSETT_BALANCE"                     0 KB       0 rows
. . exported "PAY02"."RT_USER_TRANS"                         0 KB       0 rows
Master table "SYSTEM"."SYS_EXPORT_SCHEMA_06" successfully loaded/unloaded
******************************************************************************
Dump file set for SYSTEM.SYS_EXPORT_SCHEMA_06 is:
  /oradata_old/expdp_directory/netbank_zl.dmp
Job "SYSTEM"."SYS_EXPORT_SCHEMA_06" successfully completed at Sun Dec 22 20:04:09 2019 elapsed 0 00:02:17
